2025-07-04 12:48:27,673 - INFO - Driver initialized
2025-07-04 12:48:39,918 - INFO - Found 20 leads to process
2025-07-04 12:48:39,919 - INFO - Processing lead 1/20...
2025-07-04 12:48:40,756 - INFO - Attempt 1: Processing lead...
2025-07-04 12:49:12,514 - ERROR - Detail view not found with any selector
2025-07-04 12:49:34,364 - INFO - Attempt 2: Processing lead...
2025-07-04 12:50:06,132 - ERROR - Detail view not found with any selector
2025-07-04 12:50:27,948 - INFO - Attempt 3: Processing lead...
2025-07-04 12:50:59,649 - ERROR - Detail view not found with any selector
2025-07-04 12:51:19,925 - WARNING - Failed to process lead 1
2025-07-04 12:51:20,427 - INFO - Processing lead 2/20...
2025-07-04 12:51:21,104 - INFO - Attempt 1: Processing lead...
2025-07-04 12:51:52,941 - ERROR - Detail view not found with any selector
2025-07-04 12:52:14,869 - INFO - Attempt 2: Processing lead...
2025-07-04 12:52:46,745 - ERROR - Detail view not found with any selector
2025-07-04 12:53:08,632 - INFO - Attempt 3: Processing lead...
2025-07-04 12:53:40,372 - ERROR - Detail view not found with any selector
2025-07-04 12:54:00,610 - WARNING - Failed to process lead 2
2025-07-04 12:54:01,118 - INFO - Processing lead 3/20...
2025-07-04 12:54:01,860 - INFO - Attempt 1: Processing lead...
2025-07-04 12:54:33,634 - ERROR - Detail view not found with any selector
2025-07-04 12:54:55,485 - INFO - Attempt 2: Processing lead...
2025-07-04 12:55:27,239 - ERROR - Detail view not found with any selector
2025-07-04 12:55:49,159 - INFO - Attempt 3: Processing lead...
2025-07-04 12:56:20,926 - ERROR - Detail view not found with any selector
2025-07-04 12:56:41,152 - WARNING - Failed to process lead 3
2025-07-04 12:56:41,659 - INFO - Processing lead 4/20...
2025-07-04 12:56:42,356 - INFO - Attempt 1: Processing lead...
2025-07-04 12:57:14,144 - ERROR - Detail view not found with any selector
2025-07-04 12:57:35,920 - INFO - Attempt 2: Processing lead...
2025-07-04 12:58:07,704 - ERROR - Detail view not found with any selector
2025-07-04 12:58:29,569 - INFO - Attempt 3: Processing lead...
2025-07-04 12:59:01,365 - ERROR - Detail view not found with any selector
2025-07-04 12:59:21,588 - WARNING - Failed to process lead 4
2025-07-04 12:59:22,090 - INFO - Processing lead 5/20...
2025-07-04 12:59:22,785 - INFO - Attempt 1: Processing lead...
2025-07-04 12:59:54,589 - ERROR - Detail view not found with any selector
2025-07-04 13:00:16,492 - INFO - Attempt 2: Processing lead...
2025-07-04 13:00:48,273 - ERROR - Detail view not found with any selector
2025-07-04 13:01:10,118 - INFO - Attempt 3: Processing lead...
2025-07-04 13:01:41,841 - ERROR - Detail view not found with any selector
2025-07-04 13:02:02,029 - WARNING - Failed to process lead 5
2025-07-04 13:02:02,533 - INFO - Processing lead 6/20...
2025-07-04 13:02:03,212 - INFO - Attempt 1: Processing lead...
2025-07-04 13:02:34,885 - ERROR - Detail view not found with any selector
2025-07-04 13:02:56,716 - INFO - Attempt 2: Processing lead...
2025-07-04 13:03:28,439 - ERROR - Detail view not found with any selector
2025-07-04 13:03:50,270 - INFO - Attempt 3: Processing lead...
2025-07-04 13:04:21,969 - ERROR - Detail view not found with any selector
2025-07-04 13:04:42,168 - WARNING - Failed to process lead 6
2025-07-04 13:04:42,674 - INFO - Processing lead 7/20...
2025-07-04 13:04:43,357 - INFO - Attempt 1: Processing lead...
